  GuiWindow.cpp
c:\users\asus\source\repos\game_2048\graph.h(45): warning C4305: “初始化”: 从“Graph_lib::Color::Transparency”到“char”截断
c:\users\asus\source\repos\game_2048\graph.h(45): warning C4309: “初始化”: 截断常量值
c:\users\asus\source\repos\game_2048\graph.h(47): warning C4305: “初始化”: 从“Graph_lib::Color::Transparency”到“char”截断
c:\users\asus\source\repos\game_2048\graph.h(47): warning C4309: “初始化”: 截断常量值
c:\users\asus\source\repos\game_2048\gui.h(106): warning C4018: “<”: 有符号/无符号不匹配
c:\users\asus\source\repos\game_2048\gui.h(111): warning C4018: “<”: 有符号/无符号不匹配
c:\users\asus\source\repos\game_2048\gui.h(116): warning C4018: “<”: 有符号/无符号不匹配
c:\users\asus\source\repos\game_2048\graph.h(130): warning C4018: “<”: 有符号/无符号不匹配
  c:\users\asus\source\repos\game_2048\graph.h(130): note: 编译 类 模板 成员函数 "Graph_lib::Vector_ref<Graph_lib::Button>::~Vector_ref(void)" 时
  c:\users\asus\source\repos\game_2048\gui.h(96): note: 参见对正在编译的函数 模板 实例化“Graph_lib::Vector_ref<Graph_lib::Button>::~Vector_ref(void)”的引用
  c:\users\asus\source\repos\game_2048\gui.h(98): note: 参见对正在编译的 类 模板 实例化 "Graph_lib::Vector_ref<Graph_lib::Button>" 的引用
  Simple_window.cpp
c:\users\asus\source\repos\game_2048\graph.h(45): warning C4305: “初始化”: 从“Graph_lib::Color::Transparency”到“char”截断
c:\users\asus\source\repos\game_2048\graph.h(45): warning C4309: “初始化”: 截断常量值
c:\users\asus\source\repos\game_2048\graph.h(47): warning C4305: “初始化”: 从“Graph_lib::Color::Transparency”到“char”截断
c:\users\asus\source\repos\game_2048\graph.h(47): warning C4309: “初始化”: 截断常量值
c:\users\asus\source\repos\game_2048\gui.h(106): warning C4018: “<”: 有符号/无符号不匹配
c:\users\asus\source\repos\game_2048\gui.h(111): warning C4018: “<”: 有符号/无符号不匹配
c:\users\asus\source\repos\game_2048\gui.h(116): warning C4018: “<”: 有符号/无符号不匹配
c:\users\asus\source\repos\game_2048\graph.h(130): warning C4018: “<”: 有符号/无符号不匹配
  c:\users\asus\source\repos\game_2048\graph.h(130): note: 编译 类 模板 成员函数 "Graph_lib::Vector_ref<Graph_lib::Button>::~Vector_ref(void)" 时
  c:\users\asus\source\repos\game_2048\gui.h(96): note: 参见对正在编译的函数 模板 实例化“Graph_lib::Vector_ref<Graph_lib::Button>::~Vector_ref(void)”的引用
  c:\users\asus\source\repos\game_2048\gui.h(98): note: 参见对正在编译的 类 模板 实例化 "Graph_lib::Vector_ref<Graph_lib::Button>" 的引用
  Window.cpp
c:\users\asus\source\repos\game_2048\graph.h(45): warning C4305: “初始化”: 从“Graph_lib::Color::Transparency”到“char”截断
c:\users\asus\source\repos\game_2048\graph.h(45): warning C4309: “初始化”: 截断常量值
c:\users\asus\source\repos\game_2048\graph.h(47): warning C4305: “初始化”: 从“Graph_lib::Color::Transparency”到“char”截断
c:\users\asus\source\repos\game_2048\graph.h(47): warning C4309: “初始化”: 截断常量值
c:\users\asus\source\repos\game_2048\gui.h(106): warning C4018: “<”: 有符号/无符号不匹配
c:\users\asus\source\repos\game_2048\gui.h(111): warning C4018: “<”: 有符号/无符号不匹配
c:\users\asus\source\repos\game_2048\gui.h(116): warning C4018: “<”: 有符号/无符号不匹配
c:\users\asus\source\repos\game_2048\window.cpp(74): warning C4018: “<”: 有符号/无符号不匹配
c:\users\asus\source\repos\game_2048\window.cpp(76): warning C4018: “<”: 有符号/无符号不匹配
c:\users\asus\source\repos\game_2048\graph.h(130): warning C4018: “<”: 有符号/无符号不匹配
  c:\users\asus\source\repos\game_2048\graph.h(130): note: 编译 类 模板 成员函数 "Graph_lib::Vector_ref<Graph_lib::Button>::~Vector_ref(void)" 时
  c:\users\asus\source\repos\game_2048\gui.h(96): note: 参见对正在编译的函数 模板 实例化“Graph_lib::Vector_ref<Graph_lib::Button>::~Vector_ref(void)”的引用
  c:\users\asus\source\repos\game_2048\gui.h(98): note: 参见对正在编译的 类 模板 实例化 "Graph_lib::Vector_ref<Graph_lib::Button>" 的引用
  GUI.cpp
c:\users\asus\source\repos\game_2048\game_2048\graph.h(45): warning C4305: “初始化”: 从“Graph_lib::Color::Transparency”到“char”截断
c:\users\asus\source\repos\game_2048\game_2048\graph.h(45): warning C4309: “初始化”: 截断常量值
c:\users\asus\source\repos\game_2048\game_2048\graph.h(47): warning C4305: “初始化”: 从“Graph_lib::Color::Transparency”到“char”截断
c:\users\asus\source\repos\game_2048\game_2048\graph.h(47): warning C4309: “初始化”: 截断常量值
c:\users\asus\source\repos\game_2048\game_2048\gui.h(106): warning C4018: “<”: 有符号/无符号不匹配
c:\users\asus\source\repos\game_2048\game_2048\gui.h(111): warning C4018: “<”: 有符号/无符号不匹配
c:\users\asus\source\repos\game_2048\game_2048\gui.h(116): warning C4018: “<”: 有符号/无符号不匹配
c:\users\asus\source\repos\game_2048\game_2048\graph.h(130): warning C4018: “<”: 有符号/无符号不匹配
  c:\users\asus\source\repos\game_2048\game_2048\graph.h(130): note: 编译 类 模板 成员函数 "Graph_lib::Vector_ref<Graph_lib::Button>::~Vector_ref(void)" 时
  c:\users\asus\source\repos\game_2048\game_2048\gui.h(96): note: 参见对正在编译的函数 模板 实例化“Graph_lib::Vector_ref<Graph_lib::Button>::~Vector_ref(void)”的引用
  c:\users\asus\source\repos\game_2048\game_2048\gui.h(98): note: 参见对正在编译的 类 模板 实例化 "Graph_lib::Vector_ref<Graph_lib::Button>" 的引用
  Game_2048.cpp
c:\users\asus\source\repos\game_2048\game_2048\graph.h(45): warning C4305: “初始化”: 从“Graph_lib::Color::Transparency”到“char”截断
c:\users\asus\source\repos\game_2048\game_2048\graph.h(45): warning C4309: “初始化”: 截断常量值
c:\users\asus\source\repos\game_2048\game_2048\graph.h(47): warning C4305: “初始化”: 从“Graph_lib::Color::Transparency”到“char”截断
c:\users\asus\source\repos\game_2048\game_2048\graph.h(47): warning C4309: “初始化”: 截断常量值
c:\users\asus\source\repos\game_2048\game_2048\gui.h(106): warning C4018: “<”: 有符号/无符号不匹配
c:\users\asus\source\repos\game_2048\game_2048\gui.h(111): warning C4018: “<”: 有符号/无符号不匹配
c:\users\asus\source\repos\game_2048\game_2048\gui.h(116): warning C4018: “<”: 有符号/无符号不匹配
c:\users\asus\source\repos\game_2048\game_2048\graph.h(130): warning C4018: “<”: 有符号/无符号不匹配
  c:\users\asus\source\repos\game_2048\game_2048\graph.h(130): note: 编译 类 模板 成员函数 "Graph_lib::Vector_ref<Graph_lib::Button>::~Vector_ref(void)" 时
  c:\users\asus\source\repos\game_2048\game_2048\gui.h(96): note: 参见对正在编译的函数 模板 实例化“Graph_lib::Vector_ref<Graph_lib::Button>::~Vector_ref(void)”的引用
  c:\users\asus\source\repos\game_2048\game_2048\gui.h(98): note: 参见对正在编译的 类 模板 实例化 "Graph_lib::Vector_ref<Graph_lib::Button>" 的引用
  Gamegraph.cpp
c:\users\asus\source\repos\game_2048\game_2048\graph.h(45): warning C4305: “初始化”: 从“Graph_lib::Color::Transparency”到“char”截断
c:\users\asus\source\repos\game_2048\game_2048\graph.h(45): warning C4309: “初始化”: 截断常量值
c:\users\asus\source\repos\game_2048\game_2048\graph.h(47): warning C4305: “初始化”: 从“Graph_lib::Color::Transparency”到“char”截断
c:\users\asus\source\repos\game_2048\game_2048\graph.h(47): warning C4309: “初始化”: 截断常量值
c:\users\asus\source\repos\game_2048\game_2048\gui.h(106): warning C4018: “<”: 有符号/无符号不匹配
c:\users\asus\source\repos\game_2048\game_2048\gui.h(111): warning C4018: “<”: 有符号/无符号不匹配
c:\users\asus\source\repos\game_2048\game_2048\gui.h(116): warning C4018: “<”: 有符号/无符号不匹配
c:\users\asus\source\repos\game_2048\game_2048\graph.h(130): warning C4018: “<”: 有符号/无符号不匹配
  c:\users\asus\source\repos\game_2048\game_2048\graph.h(130): note: 编译 类 模板 成员函数 "Graph_lib::Vector_ref<Graph_lib::Button>::~Vector_ref(void)" 时
  c:\users\asus\source\repos\game_2048\game_2048\gui.h(96): note: 参见对正在编译的函数 模板 实例化“Graph_lib::Vector_ref<Graph_lib::Button>::~Vector_ref(void)”的引用
  c:\users\asus\source\repos\game_2048\game_2048\gui.h(98): note: 参见对正在编译的 类 模板 实例化 "Graph_lib::Vector_ref<Graph_lib::Button>" 的引用
  Graph.cpp
c:\users\asus\source\repos\game_2048\game_2048\graph.h(45): warning C4305: “初始化”: 从“Graph_lib::Color::Transparency”到“char”截断
c:\users\asus\source\repos\game_2048\game_2048\graph.h(45): warning C4309: “初始化”: 截断常量值
c:\users\asus\source\repos\game_2048\game_2048\graph.h(47): warning C4305: “初始化”: 从“Graph_lib::Color::Transparency”到“char”截断
c:\users\asus\source\repos\game_2048\game_2048\graph.h(47): warning C4309: “初始化”: 截断常量值
c:\users\asus\source\repos\game_2048\game_2048\graph.cpp(64): warning C4018: “<”: 有符号/无符号不匹配
c:\users\asus\source\repos\game_2048\game_2048\graph.cpp(130): warning C4244: “=”: 从“_Ty1”转换到“int”，可能丢失数据
          with
          [
              _Ty1=double
          ]
c:\users\asus\source\repos\game_2048\game_2048\graph.cpp(131): warning C4244: “=”: 从“_Ty1”转换到“int”，可能丢失数据
          with
          [
              _Ty1=double
          ]
c:\users\asus\source\repos\game_2048\game_2048\graph.cpp(396): warning C4018: “>=”: 有符号/无符号不匹配
  Rect_with_text.cpp
c:\users\asus\source\repos\game_2048\game_2048\graph.h(45): warning C4305: “初始化”: 从“Graph_lib::Color::Transparency”到“char”截断
c:\users\asus\source\repos\game_2048\game_2048\graph.h(45): warning C4309: “初始化”: 截断常量值
c:\users\asus\source\repos\game_2048\game_2048\graph.h(47): warning C4305: “初始化”: 从“Graph_lib::Color::Transparency”到“char”截断
c:\users\asus\source\repos\game_2048\game_2048\graph.h(47): warning C4309: “初始化”: 截断常量值
c:\users\asus\source\repos\game_2048\game_2048\gui.h(106): warning C4018: “<”: 有符号/无符号不匹配
c:\users\asus\source\repos\game_2048\game_2048\gui.h(111): warning C4018: “<”: 有符号/无符号不匹配
c:\users\asus\source\repos\game_2048\game_2048\gui.h(116): warning C4018: “<”: 有符号/无符号不匹配
c:\users\asus\source\repos\game_2048\game_2048\graph.h(130): warning C4018: “<”: 有符号/无符号不匹配
  c:\users\asus\source\repos\game_2048\game_2048\graph.h(130): note: 编译 类 模板 成员函数 "Graph_lib::Vector_ref<Graph_lib::Button>::~Vector_ref(void)" 时
  c:\users\asus\source\repos\game_2048\game_2048\gui.h(96): note: 参见对正在编译的函数 模板 实例化“Graph_lib::Vector_ref<Graph_lib::Button>::~Vector_ref(void)”的引用
  c:\users\asus\source\repos\game_2048\game_2048\gui.h(98): note: 参见对正在编译的 类 模板 实例化 "Graph_lib::Vector_ref<Graph_lib::Button>" 的引用
  正在生成代码
  609 of 621 functions (98.1%) were compiled, the rest were copied from previous compilation.
    6 functions were new in current compilation
    0 functions had inline decision re-evaluated but remain unchanged
  已完成代码的生成
fltk.lib(Fl.obj) : warning LNK4099: 未找到 PDB“fltk.pdb”(使用“fltk.lib(Fl.obj)”或在“C:\Users\asus\source\repos\Game_2048\Release\fltk.pdb”中寻找)；正在链接对象，如同没有调试信息一样
fltk.lib(flstring.obj) : warning LNK4099: 未找到 PDB“fltk.pdb”(使用“fltk.lib(flstring.obj)”或在“C:\Users\asus\source\repos\Game_2048\Release\fltk.pdb”中寻找)；正在链接对象，如同没有调试信息一样
fltk.lib(Fl_abort.obj) : warning LNK4099: 未找到 PDB“fltk.pdb”(使用“fltk.lib(Fl_abort.obj)”或在“C:\Users\asus\source\repos\Game_2048\Release\fltk.pdb”中寻找)；正在链接对象，如同没有调试信息一样
fltk.lib(fl_arci.obj) : warning LNK4099: 未找到 PDB“fltk.pdb”(使用“fltk.lib(fl_arci.obj)”或在“C:\Users\asus\source\repos\Game_2048\Release\fltk.pdb”中寻找)；正在链接对象，如同没有调试信息一样
fltk.lib(fl_ask.obj) : warning LNK4099: 未找到 PDB“fltk.pdb”(使用“fltk.lib(fl_ask.obj)”或在“C:\Users\asus\source\repos\Game_2048\Release\fltk.pdb”中寻找)；正在链接对象，如同没有调试信息一样
fltk.lib(Fl_Bitmap.obj) : warning LNK4099: 未找到 PDB“fltk.pdb”(使用“fltk.lib(Fl_Bitmap.obj)”或在“C:\Users\asus\source\repos\Game_2048\Release\fltk.pdb”中寻找)；正在链接对象，如同没有调试信息一样
fltk.lib(Fl_Box.obj) : warning LNK4099: 未找到 PDB“fltk.pdb”(使用“fltk.lib(Fl_Box.obj)”或在“C:\Users\asus\source\repos\Game_2048\Release\fltk.pdb”中寻找)；正在链接对象，如同没有调试信息一样
fltk.lib(fl_boxtype.obj) : warning LNK4099: 未找到 PDB“fltk.pdb”(使用“fltk.lib(fl_boxtype.obj)”或在“C:\Users\asus\source\repos\Game_2048\Release\fltk.pdb”中寻找)；正在链接对象，如同没有调试信息一样
fltk.lib(Fl_Browser_.obj) : warning LNK4099: 未找到 PDB“fltk.pdb”(使用“fltk.lib(Fl_Browser_.obj)”或在“C:\Users\asus\source\repos\Game_2048\Release\fltk.pdb”中寻找)；正在链接对象，如同没有调试信息一样
fltk.lib(Fl_Button.obj) : warning LNK4099: 未找到 PDB“fltk.pdb”(使用“fltk.lib(Fl_Button.obj)”或在“C:\Users\asus\source\repos\Game_2048\Release\fltk.pdb”中寻找)；正在链接对象，如同没有调试信息一样
fltk.lib(Fl_Clock.obj) : warning LNK4099: 未找到 PDB“fltk.pdb”(使用“fltk.lib(Fl_Clock.obj)”或在“C:\Users\asus\source\repos\Game_2048\Release\fltk.pdb”中寻找)；正在链接对象，如同没有调试信息一样
fltk.lib(fl_color.obj) : warning LNK4099: 未找到 PDB“fltk.pdb”(使用“fltk.lib(fl_color.obj)”或在“C:\Users\asus\source\repos\Game_2048\Release\fltk.pdb”中寻找)；正在链接对象，如同没有调试信息一样
fltk.lib(Fl_compose.obj) : warning LNK4099: 未找到 PDB“fltk.pdb”(使用“fltk.lib(Fl_compose.obj)”或在“C:\Users\asus\source\repos\Game_2048\Release\fltk.pdb”中寻找)；正在链接对象，如同没有调试信息一样
fltk.lib(fl_cursor.obj) : warning LNK4099: 未找到 PDB“fltk.pdb”(使用“fltk.lib(fl_cursor.obj)”或在“C:\Users\asus\source\repos\Game_2048\Release\fltk.pdb”中寻找)；正在链接对象，如同没有调试信息一样
fltk.lib(fl_dnd.obj) : warning LNK4099: 未找到 PDB“fltk.pdb”(使用“fltk.lib(fl_dnd.obj)”或在“C:\Users\asus\source\repos\Game_2048\Release\fltk.pdb”中寻找)；正在链接对象，如同没有调试信息一样
fltk.lib(Fl_Double_Window.obj) : warning LNK4099: 未找到 PDB“fltk.pdb”(使用“fltk.lib(Fl_Double_Window.obj)”或在“C:\Users\asus\source\repos\Game_2048\Release\fltk.pdb”中寻找)；正在链接对象，如同没有调试信息一样
fltk.lib(fl_draw.obj) : warning LNK4099: 未找到 PDB“fltk.pdb”(使用“fltk.lib(fl_draw.obj)”或在“C:\Users\asus\source\repos\Game_2048\Release\fltk.pdb”中寻找)；正在链接对象，如同没有调试信息一样
fltk.lib(fl_draw_image.obj) : warning LNK4099: 未找到 PDB“fltk.pdb”(使用“fltk.lib(fl_draw_image.obj)”或在“C:\Users\asus\source\repos\Game_2048\Release\fltk.pdb”中寻找)；正在链接对象，如同没有调试信息一样
fltk.lib(fl_draw_pixmap.obj) : warning LNK4099: 未找到 PDB“fltk.pdb”(使用“fltk.lib(fl_draw_pixmap.obj)”或在“C:\Users\asus\source\repos\Game_2048\Release\fltk.pdb”中寻找)；正在链接对象，如同没有调试信息一样
fltk.lib(fl_font.obj) : warning LNK4099: 未找到 PDB“fltk.pdb”(使用“fltk.lib(fl_font.obj)”或在“C:\Users\asus\source\repos\Game_2048\Release\fltk.pdb”中寻找)；正在链接对象，如同没有调试信息一样
fltk.lib(Fl_get_system_colors.obj) : warning LNK4099: 未找到 PDB“fltk.pdb”(使用“fltk.lib(Fl_get_system_colors.obj)”或在“C:\Users\asus\source\repos\Game_2048\Release\fltk.pdb”中寻找)；正在链接对象，如同没有调试信息一样
fltk.lib(Fl_grab.obj) : warning LNK4099: 未找到 PDB“fltk.pdb”(使用“fltk.lib(Fl_grab.obj)”或在“C:\Users\asus\source\repos\Game_2048\Release\fltk.pdb”中寻找)；正在链接对象，如同没有调试信息一样
fltk.lib(Fl_Group.obj) : warning LNK4099: 未找到 PDB“fltk.pdb”(使用“fltk.lib(Fl_Group.obj)”或在“C:\Users\asus\source\repos\Game_2048\Release\fltk.pdb”中寻找)；正在链接对象，如同没有调试信息一样
fltk.lib(fl_gtk.obj) : warning LNK4099: 未找到 PDB“fltk.pdb”(使用“fltk.lib(fl_gtk.obj)”或在“C:\Users\asus\source\repos\Game_2048\Release\fltk.pdb”中寻找)；正在链接对象，如同没有调试信息一样
fltk.lib(Fl_Image.obj) : warning LNK4099: 未找到 PDB“fltk.pdb”(使用“fltk.lib(Fl_Image.obj)”或在“C:\Users\asus\source\repos\Game_2048\Release\fltk.pdb”中寻找)；正在链接对象，如同没有调试信息一样
fltk.lib(Fl_Input.obj) : warning LNK4099: 未找到 PDB“fltk.pdb”(使用“fltk.lib(Fl_Input.obj)”或在“C:\Users\asus\source\repos\Game_2048\Release\fltk.pdb”中寻找)；正在链接对象，如同没有调试信息一样
fltk.lib(Fl_Input_.obj) : warning LNK4099: 未找到 PDB“fltk.pdb”(使用“fltk.lib(Fl_Input_.obj)”或在“C:\Users\asus\source\repos\Game_2048\Release\fltk.pdb”中寻找)；正在链接对象，如同没有调试信息一样
fltk.lib(fl_labeltype.obj) : warning LNK4099: 未找到 PDB“fltk.pdb”(使用“fltk.lib(fl_labeltype.obj)”或在“C:\Users\asus\source\repos\Game_2048\Release\fltk.pdb”中寻找)；正在链接对象，如同没有调试信息一样
fltk.lib(fl_line_style.obj) : warning LNK4099: 未找到 PDB“fltk.pdb”(使用“fltk.lib(fl_line_style.obj)”或在“C:\Users\asus\source\repos\Game_2048\Release\fltk.pdb”中寻找)；正在链接对象，如同没有调试信息一样
fltk.lib(Fl_lock.obj) : warning LNK4099: 未找到 PDB“fltk.pdb”(使用“fltk.lib(Fl_lock.obj)”或在“C:\Users\asus\source\repos\Game_2048\Release\fltk.pdb”中寻找)；正在链接对象，如同没有调试信息一样
fltk.lib(Fl_Menu_Window.obj) : warning LNK4099: 未找到 PDB“fltk.pdb”(使用“fltk.lib(Fl_Menu_Window.obj)”或在“C:\Users\asus\source\repos\Game_2048\Release\fltk.pdb”中寻找)；正在链接对象，如同没有调试信息一样
fltk.lib(Fl_Pixmap.obj) : warning LNK4099: 未找到 PDB“fltk.pdb”(使用“fltk.lib(Fl_Pixmap.obj)”或在“C:\Users\asus\source\repos\Game_2048\Release\fltk.pdb”中寻找)；正在链接对象，如同没有调试信息一样
fltk.lib(fl_plastic.obj) : warning LNK4099: 未找到 PDB“fltk.pdb”(使用“fltk.lib(fl_plastic.obj)”或在“C:\Users\asus\source\repos\Game_2048\Release\fltk.pdb”中寻找)；正在链接对象，如同没有调试信息一样
fltk.lib(fl_rect.obj) : warning LNK4099: 未找到 PDB“fltk.pdb”(使用“fltk.lib(fl_rect.obj)”或在“C:\Users\asus\source\repos\Game_2048\Release\fltk.pdb”中寻找)；正在链接对象，如同没有调试信息一样
fltk.lib(Fl_Return_Button.obj) : warning LNK4099: 未找到 PDB“fltk.pdb”(使用“fltk.lib(Fl_Return_Button.obj)”或在“C:\Users\asus\source\repos\Game_2048\Release\fltk.pdb”中寻找)；正在链接对象，如同没有调试信息一样
fltk.lib(fl_round_box.obj) : warning LNK4099: 未找到 PDB“fltk.pdb”(使用“fltk.lib(fl_round_box.obj)”或在“C:\Users\asus\source\repos\Game_2048\Release\fltk.pdb”中寻找)；正在链接对象，如同没有调试信息一样
fltk.lib(Fl_Scrollbar.obj) : warning LNK4099: 未找到 PDB“fltk.pdb”(使用“fltk.lib(Fl_Scrollbar.obj)”或在“C:\Users\asus\source\repos\Game_2048\Release\fltk.pdb”中寻找)；正在链接对象，如同没有调试信息一样
fltk.lib(fl_shortcut.obj) : warning LNK4099: 未找到 PDB“fltk.pdb”(使用“fltk.lib(fl_shortcut.obj)”或在“C:\Users\asus\source\repos\Game_2048\Release\fltk.pdb”中寻找)；正在链接对象，如同没有调试信息一样
fltk.lib(Fl_Single_Window.obj) : warning LNK4099: 未找到 PDB“fltk.pdb”(使用“fltk.lib(Fl_Single_Window.obj)”或在“C:\Users\asus\source\repos\Game_2048\Release\fltk.pdb”中寻找)；正在链接对象，如同没有调试信息一样
fltk.lib(Fl_Slider.obj) : warning LNK4099: 未找到 PDB“fltk.pdb”(使用“fltk.lib(Fl_Slider.obj)”或在“C:\Users\asus\source\repos\Game_2048\Release\fltk.pdb”中寻找)；正在链接对象，如同没有调试信息一样
fltk.lib(fl_symbols.obj) : warning LNK4099: 未找到 PDB“fltk.pdb”(使用“fltk.lib(fl_symbols.obj)”或在“C:\Users\asus\source\repos\Game_2048\Release\fltk.pdb”中寻找)；正在链接对象，如同没有调试信息一样
fltk.lib(Fl_Tiled_Image.obj) : warning LNK4099: 未找到 PDB“fltk.pdb”(使用“fltk.lib(Fl_Tiled_Image.obj)”或在“C:\Users\asus\source\repos\Game_2048\Release\fltk.pdb”中寻找)；正在链接对象，如同没有调试信息一样
fltk.lib(Fl_Tooltip.obj) : warning LNK4099: 未找到 PDB“fltk.pdb”(使用“fltk.lib(Fl_Tooltip.obj)”或在“C:\Users\asus\source\repos\Game_2048\Release\fltk.pdb”中寻找)；正在链接对象，如同没有调试信息一样
fltk.lib(Fl_Valuator.obj) : warning LNK4099: 未找到 PDB“fltk.pdb”(使用“fltk.lib(Fl_Valuator.obj)”或在“C:\Users\asus\source\repos\Game_2048\Release\fltk.pdb”中寻找)；正在链接对象，如同没有调试信息一样
fltk.lib(fl_vertex.obj) : warning LNK4099: 未找到 PDB“fltk.pdb”(使用“fltk.lib(fl_vertex.obj)”或在“C:\Users\asus\source\repos\Game_2048\Release\fltk.pdb”中寻找)；正在链接对象，如同没有调试信息一样
fltk.lib(Fl_Widget.obj) : warning LNK4099: 未找到 PDB“fltk.pdb”(使用“fltk.lib(Fl_Widget.obj)”或在“C:\Users\asus\source\repos\Game_2048\Release\fltk.pdb”中寻找)；正在链接对象，如同没有调试信息一样
fltk.lib(Fl_Window.obj) : warning LNK4099: 未找到 PDB“fltk.pdb”(使用“fltk.lib(Fl_Window.obj)”或在“C:\Users\asus\source\repos\Game_2048\Release\fltk.pdb”中寻找)；正在链接对象，如同没有调试信息一样
fltk.lib(Fl_Window_hotspot.obj) : warning LNK4099: 未找到 PDB“fltk.pdb”(使用“fltk.lib(Fl_Window_hotspot.obj)”或在“C:\Users\asus\source\repos\Game_2048\Release\fltk.pdb”中寻找)；正在链接对象，如同没有调试信息一样
fltk.lib(screen_xywh.obj) : warning LNK4099: 未找到 PDB“fltk.pdb”(使用“fltk.lib(screen_xywh.obj)”或在“C:\Users\asus\source\repos\Game_2048\Release\fltk.pdb”中寻找)；正在链接对象，如同没有调试信息一样
fltk.lib(vsnprintf.obj) : warning LNK4099: 未找到 PDB“fltk.pdb”(使用“fltk.lib(vsnprintf.obj)”或在“C:\Users\asus\source\repos\Game_2048\Release\fltk.pdb”中寻找)；正在链接对象，如同没有调试信息一样
fltkjpeg.lib(jcomapi.obj) : warning LNK4099: 未找到 PDB“jpeg.pdb”(使用“fltkjpeg.lib(jcomapi.obj)”或在“C:\Users\asus\source\repos\Game_2048\Release\jpeg.pdb”中寻找)；正在链接对象，如同没有调试信息一样
fltkjpeg.lib(jdapimin.obj) : warning LNK4099: 未找到 PDB“jpeg.pdb”(使用“fltkjpeg.lib(jdapimin.obj)”或在“C:\Users\asus\source\repos\Game_2048\Release\jpeg.pdb”中寻找)；正在链接对象，如同没有调试信息一样
fltkjpeg.lib(jdapistd.obj) : warning LNK4099: 未找到 PDB“jpeg.pdb”(使用“fltkjpeg.lib(jdapistd.obj)”或在“C:\Users\asus\source\repos\Game_2048\Release\jpeg.pdb”中寻找)；正在链接对象，如同没有调试信息一样
fltkjpeg.lib(jdatasrc.obj) : warning LNK4099: 未找到 PDB“jpeg.pdb”(使用“fltkjpeg.lib(jdatasrc.obj)”或在“C:\Users\asus\source\repos\Game_2048\Release\jpeg.pdb”中寻找)；正在链接对象，如同没有调试信息一样
fltkjpeg.lib(jdcoefct.obj) : warning LNK4099: 未找到 PDB“jpeg.pdb”(使用“fltkjpeg.lib(jdcoefct.obj)”或在“C:\Users\asus\source\repos\Game_2048\Release\jpeg.pdb”中寻找)；正在链接对象，如同没有调试信息一样
fltkjpeg.lib(jdcolor.obj) : warning LNK4099: 未找到 PDB“jpeg.pdb”(使用“fltkjpeg.lib(jdcolor.obj)”或在“C:\Users\asus\source\repos\Game_2048\Release\jpeg.pdb”中寻找)；正在链接对象，如同没有调试信息一样
fltkjpeg.lib(jddctmgr.obj) : warning LNK4099: 未找到 PDB“jpeg.pdb”(使用“fltkjpeg.lib(jddctmgr.obj)”或在“C:\Users\asus\source\repos\Game_2048\Release\jpeg.pdb”中寻找)；正在链接对象，如同没有调试信息一样
fltkjpeg.lib(jdhuff.obj) : warning LNK4099: 未找到 PDB“jpeg.pdb”(使用“fltkjpeg.lib(jdhuff.obj)”或在“C:\Users\asus\source\repos\Game_2048\Release\jpeg.pdb”中寻找)；正在链接对象，如同没有调试信息一样
fltkjpeg.lib(jdinput.obj) : warning LNK4099: 未找到 PDB“jpeg.pdb”(使用“fltkjpeg.lib(jdinput.obj)”或在“C:\Users\asus\source\repos\Game_2048\Release\jpeg.pdb”中寻找)；正在链接对象，如同没有调试信息一样
fltkjpeg.lib(jdmainct.obj) : warning LNK4099: 未找到 PDB“jpeg.pdb”(使用“fltkjpeg.lib(jdmainct.obj)”或在“C:\Users\asus\source\repos\Game_2048\Release\jpeg.pdb”中寻找)；正在链接对象，如同没有调试信息一样
fltkjpeg.lib(jdmarker.obj) : warning LNK4099: 未找到 PDB“jpeg.pdb”(使用“fltkjpeg.lib(jdmarker.obj)”或在“C:\Users\asus\source\repos\Game_2048\Release\jpeg.pdb”中寻找)；正在链接对象，如同没有调试信息一样
fltkjpeg.lib(jdmaster.obj) : warning LNK4099: 未找到 PDB“jpeg.pdb”(使用“fltkjpeg.lib(jdmaster.obj)”或在“C:\Users\asus\source\repos\Game_2048\Release\jpeg.pdb”中寻找)；正在链接对象，如同没有调试信息一样
fltkjpeg.lib(jdmerge.obj) : warning LNK4099: 未找到 PDB“jpeg.pdb”(使用“fltkjpeg.lib(jdmerge.obj)”或在“C:\Users\asus\source\repos\Game_2048\Release\jpeg.pdb”中寻找)；正在链接对象，如同没有调试信息一样
fltkjpeg.lib(jdphuff.obj) : warning LNK4099: 未找到 PDB“jpeg.pdb”(使用“fltkjpeg.lib(jdphuff.obj)”或在“C:\Users\asus\source\repos\Game_2048\Release\jpeg.pdb”中寻找)；正在链接对象，如同没有调试信息一样
fltkjpeg.lib(jdpostct.obj) : warning LNK4099: 未找到 PDB“jpeg.pdb”(使用“fltkjpeg.lib(jdpostct.obj)”或在“C:\Users\asus\source\repos\Game_2048\Release\jpeg.pdb”中寻找)；正在链接对象，如同没有调试信息一样
fltkjpeg.lib(jdsample.obj) : warning LNK4099: 未找到 PDB“jpeg.pdb”(使用“fltkjpeg.lib(jdsample.obj)”或在“C:\Users\asus\source\repos\Game_2048\Release\jpeg.pdb”中寻找)；正在链接对象，如同没有调试信息一样
fltkjpeg.lib(jerror.obj) : warning LNK4099: 未找到 PDB“jpeg.pdb”(使用“fltkjpeg.lib(jerror.obj)”或在“C:\Users\asus\source\repos\Game_2048\Release\jpeg.pdb”中寻找)；正在链接对象，如同没有调试信息一样
fltkjpeg.lib(jidctflt.obj) : warning LNK4099: 未找到 PDB“jpeg.pdb”(使用“fltkjpeg.lib(jidctflt.obj)”或在“C:\Users\asus\source\repos\Game_2048\Release\jpeg.pdb”中寻找)；正在链接对象，如同没有调试信息一样
fltkjpeg.lib(jidctfst.obj) : warning LNK4099: 未找到 PDB“jpeg.pdb”(使用“fltkjpeg.lib(jidctfst.obj)”或在“C:\Users\asus\source\repos\Game_2048\Release\jpeg.pdb”中寻找)；正在链接对象，如同没有调试信息一样
fltkjpeg.lib(jidctint.obj) : warning LNK4099: 未找到 PDB“jpeg.pdb”(使用“fltkjpeg.lib(jidctint.obj)”或在“C:\Users\asus\source\repos\Game_2048\Release\jpeg.pdb”中寻找)；正在链接对象，如同没有调试信息一样
fltkjpeg.lib(jidctred.obj) : warning LNK4099: 未找到 PDB“jpeg.pdb”(使用“fltkjpeg.lib(jidctred.obj)”或在“C:\Users\asus\source\repos\Game_2048\Release\jpeg.pdb”中寻找)；正在链接对象，如同没有调试信息一样
fltkjpeg.lib(jmemmgr.obj) : warning LNK4099: 未找到 PDB“jpeg.pdb”(使用“fltkjpeg.lib(jmemmgr.obj)”或在“C:\Users\asus\source\repos\Game_2048\Release\jpeg.pdb”中寻找)；正在链接对象，如同没有调试信息一样
fltkjpeg.lib(jmemnobs.obj) : warning LNK4099: 未找到 PDB“jpeg.pdb”(使用“fltkjpeg.lib(jmemnobs.obj)”或在“C:\Users\asus\source\repos\Game_2048\Release\jpeg.pdb”中寻找)；正在链接对象，如同没有调试信息一样
fltkjpeg.lib(jquant1.obj) : warning LNK4099: 未找到 PDB“jpeg.pdb”(使用“fltkjpeg.lib(jquant1.obj)”或在“C:\Users\asus\source\repos\Game_2048\Release\jpeg.pdb”中寻找)；正在链接对象，如同没有调试信息一样
fltkjpeg.lib(jquant2.obj) : warning LNK4099: 未找到 PDB“jpeg.pdb”(使用“fltkjpeg.lib(jquant2.obj)”或在“C:\Users\asus\source\repos\Game_2048\Release\jpeg.pdb”中寻找)；正在链接对象，如同没有调试信息一样
fltkjpeg.lib(jutils.obj) : warning LNK4099: 未找到 PDB“jpeg.pdb”(使用“fltkjpeg.lib(jutils.obj)”或在“C:\Users\asus\source\repos\Game_2048\Release\jpeg.pdb”中寻找)；正在链接对象，如同没有调试信息一样
fltkimages.lib(Fl_GIF_Image.obj) : warning LNK4099: 未找到 PDB“fltkimages.pdb”(使用“fltkimages.lib(Fl_GIF_Image.obj)”或在“C:\Users\asus\source\repos\Game_2048\Release\fltkimages.pdb”中寻找)；正在链接对象，如同没有调试信息一样
fltkimages.lib(Fl_JPEG_Image.obj) : warning LNK4099: 未找到 PDB“fltkimages.pdb”(使用“fltkimages.lib(Fl_JPEG_Image.obj)”或在“C:\Users\asus\source\repos\Game_2048\Release\fltkimages.pdb”中寻找)；正在链接对象，如同没有调试信息一样
  Game_2048.vcxproj -> C:\Users\asus\source\repos\Game_2048\Release\Game_2048.exe
